<?xml version="1.0" encoding="UTF-8"?>
<coverage generated="1741010688963" clover="3.2.0">
  <project timestamp="1741010688963" name="All files">
    <metrics statements="69" coveredstatements="45" conditionals="62" coveredconditionals="17" methods="26" coveredmethods="10" elements="157" coveredelements="72" complexity="0" loc="69" ncloc="69" packages="4" files="6" classes="6"/>
    <package name="assets">
      <metrics statements="1" coveredstatements="1" conditionals="0" coveredconditionals="0" methods="0" coveredmethods="0"/>
      <file name="marker-1.png" path="/Users/chrisanhthien/Desktop/Concordia_Campus_Guide/ccg_frontend/ccg_mobile/assets/marker-1.png">
        <metrics statements="1" coveredstatements="1" conditionals="0" coveredconditionals="0" methods="0" coveredmethods="0"/>
        <line num="1" count="1" type="stmt"/>
      </file>
    </package>
    <package name="components.map-screen-ui.elements">
      <metrics statements="11" coveredstatements="8" conditionals="24" coveredconditionals="1" methods="5" coveredmethods="2"/>
      <file name="BuildingHighlight.js" path="/Users/chrisanhthien/Desktop/Concordia_Campus_Guide/ccg_frontend/ccg_mobile/components/map-screen-ui/elements/BuildingHighlight.js">
        <metrics statements="2" coveredstatements="2" conditionals="0" coveredconditionals="0" methods="1" coveredmethods="1"/>
        <line num="5" count="1" type="stmt"/>
        <line num="6" count="1" type="stmt"/>
      </file>
      <file name="CustomMarker.js" path="/Users/chrisanhthien/Desktop/Concordia_Campus_Guide/ccg_frontend/ccg_mobile/components/map-screen-ui/elements/CustomMarker.js">
        <metrics statements="4" coveredstatements="3" conditionals="2" coveredconditionals="1" methods="2" coveredmethods="1"/>
        <line num="6" count="1" type="stmt"/>
        <line num="7" count="1" type="stmt"/>
        <line num="15" count="0" type="stmt"/>
        <line num="31" count="1" type="stmt"/>
      </file>
      <file name="InfoPopUp.js" path="/Users/chrisanhthien/Desktop/Concordia_Campus_Guide/ccg_frontend/ccg_mobile/components/map-screen-ui/elements/InfoPopUp.js">
        <metrics statements="5" coveredstatements="3" conditionals="22" coveredconditionals="0" methods="2" coveredmethods="0"/>
        <line num="7" count="1" type="stmt"/>
        <line num="8" count="0" type="stmt"/>
        <line num="75" count="0" type="stmt"/>
        <line num="86" count="1" type="stmt"/>
        <line num="92" count="1" type="stmt"/>
      </file>
    </package>
    <package name="components.map-screen-ui.sections">
      <metrics statements="52" coveredstatements="35" conditionals="36" coveredconditionals="16" methods="20" coveredmethods="8"/>
      <file name="MapViewComponent.js" path="/Users/chrisanhthien/Desktop/Concordia_Campus_Guide/ccg_frontend/ccg_mobile/components/map-screen-ui/sections/MapViewComponent.js">
        <metrics statements="52" coveredstatements="35" conditionals="36" coveredconditionals="16" methods="20" coveredmethods="8"/>
        <line num="18" count="1" type="stmt"/>
        <line num="19" count="6" type="stmt"/>
        <line num="20" count="6" type="stmt"/>
        <line num="21" count="6" type="stmt"/>
        <line num="22" count="6" type="stmt"/>
        <line num="23" count="6" type="stmt"/>
        <line num="24" count="6" type="stmt"/>
        <line num="25" count="6" type="stmt"/>
        <line num="26" count="6" type="stmt"/>
        <line num="28" count="6" type="stmt"/>
        <line num="29" count="0" type="stmt"/>
        <line num="37" count="6" type="stmt"/>
        <line num="38" count="0" type="cond" truecount="0" falsecount="2"/>
        <line num="39" count="0" type="stmt"/>
        <line num="40" count="0" type="stmt"/>
        <line num="41" count="0" type="cond" truecount="0" falsecount="2"/>
        <line num="42" count="0" type="stmt"/>
        <line num="57" count="6" type="stmt"/>
        <line num="58" count="0" type="stmt"/>
        <line num="59" count="0" type="cond" truecount="0" falsecount="2"/>
        <line num="63" count="6" type="stmt"/>
        <line num="64" count="0" type="stmt"/>
        <line num="71" count="6" type="stmt"/>
        <line num="72" count="5" type="cond" truecount="2" falsecount="0"/>
        <line num="73" count="1" type="stmt"/>
        <line num="77" count="6" type="stmt"/>
        <line num="78" count="5" type="cond" truecount="2" falsecount="2"/>
        <line num="79" count="0" type="stmt"/>
        <line num="83" count="6" type="stmt"/>
        <line num="84" count="5" type="stmt"/>
        <line num="85" count="5" type="stmt"/>
        <line num="86" count="5" type="stmt"/>
        <line num="87" count="1" type="stmt"/>
        <line num="88" count="1" type="cond" truecount="1" falsecount="1"/>
        <line num="90" count="4" type="stmt"/>
        <line num="93" count="5" type="stmt"/>
        <line num="95" count="5" type="stmt"/>
        <line num="96" count="5" type="stmt"/>
        <line num="100" count="6" type="stmt"/>
        <line num="101" count="5" type="cond" truecount="1" falsecount="1"/>
        <line num="102" count="0" type="stmt"/>
        <line num="103" count="0" type="stmt"/>
        <line num="109" count="0" type="cond" truecount="0" falsecount="2"/>
        <line num="110" count="5" type="stmt"/>
        <line num="113" count="6" type="stmt"/>
        <line num="134" count="0" type="stmt"/>
        <line num="151" count="0" type="stmt"/>
        <line num="156" count="1" type="stmt"/>
        <line num="159" count="0" type="stmt"/>
        <line num="185" count="0" type="stmt"/>
        <line num="194" count="1" type="stmt"/>
        <line num="228" count="1" type="stmt"/>
      </file>
    </package>
    <package name="utils">
      <metrics statements="5" coveredstatements="1" conditionals="2" coveredconditionals="0" methods="1" coveredmethods="0"/>
      <file name="transformCurrentLoc.js" path="/Users/chrisanhthien/Desktop/Concordia_Campus_Guide/ccg_frontend/ccg_mobile/utils/transformCurrentLoc.js">
        <metrics statements="5" coveredstatements="1" conditionals="2" coveredconditionals="0" methods="1" coveredmethods="0"/>
        <line num="1" count="1" type="stmt"/>
        <line num="3" count="0" type="cond" truecount="0" falsecount="2"/>
        <line num="4" count="0" type="stmt"/>
        <line num="5" count="0" type="stmt"/>
        <line num="8" count="0" type="stmt"/>
      </file>
    </package>
  </project>
</coverage>
