{"/Users/chrisanhthien/Desktop/Concordia_Campus_Guide/ccg_frontend/ccg_mobile/assets/marker-1.png": {"path":"/Users/chrisanhthien/Desktop/Concordia_Campus_Guide/ccg_frontend/ccg_mobile/assets/marker-1.png","statementMap":{"0":{"start":{"line":1,"column":0},"end":{"line":4,"column":6}}},"fnMap":{},"branchMap":{},"s":{"0":1},"f":{},"b":{},"_coverageSchema":"1a1c01bbd47fc00a2c39e90264f33305004495a9","hash":"b84f9e389e82471ff09f6abaa4d9aa9bad7e139c"}
,"/Users/chrisanhthien/Desktop/Concordia_Campus_Guide/ccg_frontend/ccg_mobile/components/map-screen-ui/elements/BuildingHighlight.js": {"path":"/Users/chrisanhthien/Desktop/Concordia_Campus_Guide/ccg_frontend/ccg_mobile/components/map-screen-ui/elements/BuildingHighlight.js","statementMap":{"0":{"start":{"line":5,"column":26},"end":{"line":16,"column":1}},"1":{"start":{"line":6,"column":2},"end":{"line":15,"column":4}}},"fnMap":{"0":{"name":"(anonymous_0)","decl":{"start":{"line":5,"column":26},"end":{"line":5,"column":27}},"loc":{"start":{"line":5,"column":32},"end":{"line":16,"column":1}},"line":5}},"branchMap":{},"s":{"0":1,"1":1},"f":{"0":1},"b":{},"_coverageSchema":"1a1c01bbd47fc00a2c39e90264f33305004495a9","hash":"bbed375c0e925b8c37c2c48a69777a03cf5150d7"}
,"/Users/chrisanhthien/Desktop/Concordia_Campus_Guide/ccg_frontend/ccg_mobile/components/map-screen-ui/elements/CustomMarker.js": {"path":"/Users/chrisanhthien/Desktop/Concordia_Campus_Guide/ccg_frontend/ccg_mobile/components/map-screen-ui/elements/CustomMarker.js","statementMap":{"0":{"start":{"line":6,"column":21},"end":{"line":29,"column":1}},"1":{"start":{"line":7,"column":2},"end":{"line":28,"column":4}},"2":{"start":{"line":15,"column":8},"end":{"line":15,"column":18}},"3":{"start":{"line":31,"column":15},"end":{"line":61,"column":2}}},"fnMap":{"0":{"name":"(anonymous_0)","decl":{"start":{"line":6,"column":21},"end":{"line":6,"column":22}},"loc":{"start":{"line":6,"column":58},"end":{"line":29,"column":1}},"line":6},"1":{"name":"(anonymous_1)","decl":{"start":{"line":14,"column":15},"end":{"line":14,"column":16}},"loc":{"start":{"line":14,"column":21},"end":{"line":16,"column":7}},"line":14}},"branchMap":{"0":{"loc":{"start":{"line":21,"column":17},"end":{"line":21,"column":77}},"type":"cond-expr","locations":[{"start":{"line":21,"column":32},"end":{"line":21,"column":50}},{"start":{"line":21,"column":53},"end":{"line":21,"column":77}}],"line":21}},"s":{"0":1,"1":1,"2":0,"3":1},"f":{"0":1,"1":0},"b":{"0":[1,0]},"_coverageSchema":"1a1c01bbd47fc00a2c39e90264f33305004495a9","hash":"b2d6140d90c862cc2cefb727a2cbb4639332a522"}
,"/Users/chrisanhthien/Desktop/Concordia_Campus_Guide/ccg_frontend/ccg_mobile/components/map-screen-ui/elements/InfoPopUp.js": {"path":"/Users/chrisanhthien/Desktop/Concordia_Campus_Guide/ccg_frontend/ccg_mobile/components/map-screen-ui/elements/InfoPopUp.js","statementMap":{"0":{"start":{"line":7,"column":18},"end":{"line":84,"column":1}},"1":{"start":{"line":8,"column":4},"end":{"line":83,"column":6}},"2":{"start":{"line":75,"column":31},"end":{"line":75,"column":42}},"3":{"start":{"line":86,"column":0},"end":{"line":90,"column":1}},"4":{"start":{"line":92,"column":15},"end":{"line":188,"column":2}}},"fnMap":{"0":{"name":"(anonymous_0)","decl":{"start":{"line":7,"column":18},"end":{"line":7,"column":19}},"loc":{"start":{"line":7,"column":48},"end":{"line":84,"column":1}},"line":7},"1":{"name":"(anonymous_1)","decl":{"start":{"line":75,"column":25},"end":{"line":75,"column":26}},"loc":{"start":{"line":75,"column":31},"end":{"line":75,"column":42}},"line":75}},"branchMap":{"0":{"loc":{"start":{"line":18,"column":51},"end":{"line":18,"column":76}},"type":"binary-expr","locations":[{"start":{"line":18,"column":51},"end":{"line":18,"column":70}},{"start":{"line":18,"column":74},"end":{"line":18,"column":76}}],"line":18},"1":{"loc":{"start":{"line":25,"column":17},"end":{"line":30,"column":17}},"type":"binary-expr","locations":[{"start":{"line":25,"column":17},"end":{"line":25,"column":36}},{"start":{"line":26,"column":20},"end":{"line":29,"column":27}}],"line":25},"2":{"loc":{"start":{"line":40,"column":17},"end":{"line":49,"column":17}},"type":"binary-expr","locations":[{"start":{"line":40,"column":17},"end":{"line":40,"column":48}},{"start":{"line":41,"column":20},"end":{"line":48,"column":27}}],"line":40},"3":{"loc":{"start":{"line":43,"column":34},"end":{"line":43,"column":89}},"type":"cond-expr","locations":[{"start":{"line":43,"column":54},"end":{"line":43,"column":72}},{"start":{"line":43,"column":75},"end":{"line":43,"column":89}}],"line":43},"4":{"loc":{"start":{"line":45,"column":35},"end":{"line":45,"column":76}},"type":"cond-expr","locations":[{"start":{"line":45,"column":55},"end":{"line":45,"column":64}},{"start":{"line":45,"column":67},"end":{"line":45,"column":76}}],"line":45},"5":{"loc":{"start":{"line":51,"column":17},"end":{"line":60,"column":17}},"type":"binary-expr","locations":[{"start":{"line":51,"column":17},"end":{"line":51,"column":50}},{"start":{"line":52,"column":20},"end":{"line":59,"column":27}}],"line":51},"6":{"loc":{"start":{"line":54,"column":34},"end":{"line":54,"column":91}},"type":"cond-expr","locations":[{"start":{"line":54,"column":56},"end":{"line":54,"column":74}},{"start":{"line":54,"column":77},"end":{"line":54,"column":91}}],"line":54},"7":{"loc":{"start":{"line":56,"column":35},"end":{"line":56,"column":78}},"type":"cond-expr","locations":[{"start":{"line":56,"column":57},"end":{"line":56,"column":66}},{"start":{"line":56,"column":69},"end":{"line":56,"column":78}}],"line":56},"8":{"loc":{"start":{"line":62,"column":17},"end":{"line":71,"column":17}},"type":"binary-expr","locations":[{"start":{"line":62,"column":17},"end":{"line":62,"column":40}},{"start":{"line":63,"column":20},"end":{"line":70,"column":27}}],"line":62},"9":{"loc":{"start":{"line":65,"column":34},"end":{"line":65,"column":81}},"type":"cond-expr","locations":[{"start":{"line":65,"column":46},"end":{"line":65,"column":64}},{"start":{"line":65,"column":67},"end":{"line":65,"column":81}}],"line":65},"10":{"loc":{"start":{"line":67,"column":35},"end":{"line":67,"column":68}},"type":"cond-expr","locations":[{"start":{"line":67,"column":47},"end":{"line":67,"column":56}},{"start":{"line":67,"column":59},"end":{"line":67,"column":68}}],"line":67}},"s":{"0":1,"1":0,"2":0,"3":1,"4":1},"f":{"0":0,"1":0},"b":{"0":[0,0],"1":[0,0],"2":[0,0],"3":[0,0],"4":[0,0],"5":[0,0],"6":[0,0],"7":[0,0],"8":[0,0],"9":[0,0],"10":[0,0]},"_coverageSchema":"1a1c01bbd47fc00a2c39e90264f33305004495a9","hash":"8d015aaf4e889ec46823f86f389c5ee4f3ec7633"}
,"/Users/chrisanhthien/Desktop/Concordia_Campus_Guide/ccg_frontend/ccg_mobile/components/map-screen-ui/sections/MapViewComponent.js": {"path":"/Users/chrisanhthien/Desktop/Concordia_Campus_Guide/ccg_frontend/ccg_mobile/components/map-screen-ui/sections/MapViewComponent.js","statementMap":{"0":{"start":{"line":18,"column":25},"end":{"line":192,"column":1}},"1":{"start":{"line":19,"column":21},"end":{"line":19,"column":36}},"2":{"start":{"line":20,"column":17},"end":{"line":20,"column":29}},"3":{"start":{"line":21,"column":36},"end":{"line":21,"column":50}},"4":{"start":{"line":22,"column":48},"end":{"line":22,"column":62}},"5":{"start":{"line":23,"column":46},"end":{"line":23,"column":60}},"6":{"start":{"line":24,"column":40},"end":{"line":24,"column":55}},"7":{"start":{"line":25,"column":30},"end":{"line":25,"column":41}},"8":{"start":{"line":26,"column":42},"end":{"line":26,"column":58}},"9":{"start":{"line":28,"column":25},"end":{"line":35,"column":3}},"10":{"start":{"line":29,"column":4},"end":{"line":34,"column":6}},"11":{"start":{"line":37,"column":29},"end":{"line":55,"column":3}},"12":{"start":{"line":38,"column":4},"end":{"line":54,"column":5}},"13":{"start":{"line":39,"column":28},"end":{"line":39,"column":33}},"14":{"start":{"line":40,"column":6},"end":{"line":40,"column":59}},"15":{"start":{"line":41,"column":11},"end":{"line":54,"column":5}},"16":{"start":{"line":42,"column":6},"end":{"line":53,"column":9}},"17":{"start":{"line":57,"column":28},"end":{"line":61,"column":3}},"18":{"start":{"line":58,"column":4},"end":{"line":60,"column":10}},"19":{"start":{"line":59,"column":6},"end":{"line":59,"column":73}},"20":{"start":{"line":59,"column":35},"end":{"line":59,"column":70}},"21":{"start":{"line":63,"column":25},"end":{"line":69,"column":3}},"22":{"start":{"line":64,"column":4},"end":{"line":68,"column":7}},"23":{"start":{"line":71,"column":2},"end":{"line":75,"column":18}},"24":{"start":{"line":72,"column":4},"end":{"line":74,"column":5}},"25":{"start":{"line":73,"column":6},"end":{"line":73,"column":26}},"26":{"start":{"line":77,"column":2},"end":{"line":81,"column":34}},"27":{"start":{"line":78,"column":4},"end":{"line":80,"column":5}},"28":{"start":{"line":79,"column":6},"end":{"line":79,"column":80}},"29":{"start":{"line":83,"column":2},"end":{"line":98,"column":9}},"30":{"start":{"line":84,"column":26},"end":{"line":92,"column":5}},"31":{"start":{"line":85,"column":6},"end":{"line":91,"column":7}},"32":{"start":{"line":86,"column":8},"end":{"line":86,"column":54}},"33":{"start":{"line":87,"column":25},"end":{"line":87,"column":61}},"34":{"start":{"line":88,"column":8},"end":{"line":88,"column":72}},"35":{"start":{"line":88,"column":22},"end":{"line":88,"column":72}},"36":{"start":{"line":90,"column":8},"end":{"line":90,"column":55}},"37":{"start":{"line":93,"column":4},"end":{"line":93,"column":20}},"38":{"start":{"line":95,"column":4},"end":{"line":97,"column":6}},"39":{"start":{"line":96,"column":6},"end":{"line":96,"column":45}},"40":{"start":{"line":100,"column":2},"end":{"line":111,"column":15}},"41":{"start":{"line":101,"column":4},"end":{"line":110,"column":35}},"42":{"start":{"line":102,"column":6},"end":{"line":102,"column":42}},"43":{"start":{"line":102,"column":29},"end":{"line":102,"column":40}},"44":{"start":{"line":103,"column":6},"end":{"line":108,"column":9}},"45":{"start":{"line":109,"column":6},"end":{"line":109,"column":69}},"46":{"start":{"line":109,"column":35},"end":{"line":109,"column":66}},"47":{"start":{"line":110,"column":11},"end":{"line":110,"column":35}},"48":{"start":{"line":113,"column":2},"end":{"line":191,"column":4}},"49":{"start":{"line":134,"column":27},"end":{"line":134,"column":50}},"50":{"start":{"line":151,"column":31},"end":{"line":151,"column":56}},"51":{"start":{"line":156,"column":16},"end":{"line":160,"column":18}},"52":{"start":{"line":159,"column":33},"end":{"line":159,"column":60}},"53":{"start":{"line":185,"column":27},"end":{"line":185,"column":50}},"54":{"start":{"line":194,"column":15},"end":{"line":226,"column":2}},"55":{"start":{"line":228,"column":0},"end":{"line":247,"column":2}}},"fnMap":{"0":{"name":"(anonymous_0)","decl":{"start":{"line":18,"column":25},"end":{"line":18,"column":26}},"loc":{"start":{"line":18,"column":71},"end":{"line":192,"column":1}},"line":18},"1":{"name":"(anonymous_1)","decl":{"start":{"line":28,"column":25},"end":{"line":28,"column":26}},"loc":{"start":{"line":28,"column":37},"end":{"line":35,"column":3}},"line":28},"2":{"name":"(anonymous_2)","decl":{"start":{"line":37,"column":29},"end":{"line":37,"column":30}},"loc":{"start":{"line":37,"column":41},"end":{"line":55,"column":3}},"line":37},"3":{"name":"(anonymous_3)","decl":{"start":{"line":57,"column":28},"end":{"line":57,"column":29}},"loc":{"start":{"line":57,"column":42},"end":{"line":61,"column":3}},"line":57},"4":{"name":"(anonymous_4)","decl":{"start":{"line":58,"column":15},"end":{"line":58,"column":16}},"loc":{"start":{"line":58,"column":21},"end":{"line":60,"column":5}},"line":58},"5":{"name":"(anonymous_5)","decl":{"start":{"line":59,"column":24},"end":{"line":59,"column":25}},"loc":{"start":{"line":59,"column":35},"end":{"line":59,"column":70}},"line":59},"6":{"name":"(anonymous_6)","decl":{"start":{"line":63,"column":25},"end":{"line":63,"column":26}},"loc":{"start":{"line":63,"column":39},"end":{"line":69,"column":3}},"line":63},"7":{"name":"(anonymous_7)","decl":{"start":{"line":71,"column":12},"end":{"line":71,"column":13}},"loc":{"start":{"line":71,"column":18},"end":{"line":75,"column":3}},"line":71},"8":{"name":"(anonymous_8)","decl":{"start":{"line":77,"column":12},"end":{"line":77,"column":13}},"loc":{"start":{"line":77,"column":18},"end":{"line":81,"column":3}},"line":77},"9":{"name":"(anonymous_9)","decl":{"start":{"line":83,"column":12},"end":{"line":83,"column":13}},"loc":{"start":{"line":83,"column":18},"end":{"line":98,"column":3}},"line":83},"10":{"name":"(anonymous_10)","decl":{"start":{"line":84,"column":26},"end":{"line":84,"column":27}},"loc":{"start":{"line":84,"column":38},"end":{"line":92,"column":5}},"line":84},"11":{"name":"(anonymous_11)","decl":{"start":{"line":95,"column":11},"end":{"line":95,"column":12}},"loc":{"start":{"line":95,"column":17},"end":{"line":97,"column":5}},"line":95},"12":{"name":"(anonymous_12)","decl":{"start":{"line":100,"column":12},"end":{"line":100,"column":13}},"loc":{"start":{"line":100,"column":18},"end":{"line":111,"column":3}},"line":100},"13":{"name":"(anonymous_13)","decl":{"start":{"line":102,"column":16},"end":{"line":102,"column":17}},"loc":{"start":{"line":102,"column":29},"end":{"line":102,"column":40}},"line":102},"14":{"name":"(anonymous_14)","decl":{"start":{"line":109,"column":24},"end":{"line":109,"column":25}},"loc":{"start":{"line":109,"column":35},"end":{"line":109,"column":66}},"line":109},"15":{"name":"(anonymous_15)","decl":{"start":{"line":134,"column":21},"end":{"line":134,"column":22}},"loc":{"start":{"line":134,"column":27},"end":{"line":134,"column":50}},"line":134},"16":{"name":"(anonymous_16)","decl":{"start":{"line":151,"column":25},"end":{"line":151,"column":26}},"loc":{"start":{"line":151,"column":31},"end":{"line":151,"column":56}},"line":151},"17":{"name":"(anonymous_17)","decl":{"start":{"line":155,"column":28},"end":{"line":155,"column":29}},"loc":{"start":{"line":156,"column":16},"end":{"line":160,"column":18}},"line":156},"18":{"name":"(anonymous_18)","decl":{"start":{"line":159,"column":27},"end":{"line":159,"column":28}},"loc":{"start":{"line":159,"column":33},"end":{"line":159,"column":60}},"line":159},"19":{"name":"(anonymous_19)","decl":{"start":{"line":185,"column":21},"end":{"line":185,"column":22}},"loc":{"start":{"line":185,"column":27},"end":{"line":185,"column":50}},"line":185}},"branchMap":{"0":{"loc":{"start":{"line":30,"column":6},"end":{"line":33,"column":55}},"type":"binary-expr","locations":[{"start":{"line":30,"column":6},"end":{"line":30,"column":53}},{"start":{"line":31,"column":6},"end":{"line":31,"column":53}},{"start":{"line":32,"column":6},"end":{"line":32,"column":55}},{"start":{"line":33,"column":6},"end":{"line":33,"column":55}}],"line":30},"1":{"loc":{"start":{"line":38,"column":4},"end":{"line":54,"column":5}},"type":"if","locations":[{"start":{"line":38,"column":4},"end":{"line":54,"column":5}},{"start":{"line":41,"column":11},"end":{"line":54,"column":5}}],"line":38},"2":{"loc":{"start":{"line":41,"column":11},"end":{"line":54,"column":5}},"type":"if","locations":[{"start":{"line":41,"column":11},"end":{"line":54,"column":5}},{"start":{},"end":{}}],"line":41},"3":{"loc":{"start":{"line":59,"column":35},"end":{"line":59,"column":70}},"type":"cond-expr","locations":[{"start":{"line":59,"column":55},"end":{"line":59,"column":59}},{"start":{"line":59,"column":62},"end":{"line":59,"column":70}}],"line":59},"4":{"loc":{"start":{"line":72,"column":4},"end":{"line":74,"column":5}},"type":"if","locations":[{"start":{"line":72,"column":4},"end":{"line":74,"column":5}},{"start":{},"end":{}}],"line":72},"5":{"loc":{"start":{"line":78,"column":4},"end":{"line":80,"column":5}},"type":"if","locations":[{"start":{"line":78,"column":4},"end":{"line":80,"column":5}},{"start":{},"end":{}}],"line":78},"6":{"loc":{"start":{"line":78,"column":8},"end":{"line":78,"column":50}},"type":"binary-expr","locations":[{"start":{"line":78,"column":8},"end":{"line":78,"column":32}},{"start":{"line":78,"column":36},"end":{"line":78,"column":50}}],"line":78},"7":{"loc":{"start":{"line":88,"column":8},"end":{"line":88,"column":72}},"type":"if","locations":[{"start":{"line":88,"column":8},"end":{"line":88,"column":72}},{"start":{},"end":{}}],"line":88},"8":{"loc":{"start":{"line":101,"column":4},"end":{"line":110,"column":35}},"type":"if","locations":[{"start":{"line":101,"column":4},"end":{"line":110,"column":35}},{"start":{"line":110,"column":11},"end":{"line":110,"column":35}}],"line":101},"9":{"loc":{"start":{"line":109,"column":35},"end":{"line":109,"column":66}},"type":"cond-expr","locations":[{"start":{"line":109,"column":53},"end":{"line":109,"column":57}},{"start":{"line":109,"column":60},"end":{"line":109,"column":66}}],"line":109},"10":{"loc":{"start":{"line":115,"column":7},"end":{"line":179,"column":7}},"type":"cond-expr","locations":[{"start":{"line":116,"column":8},"end":{"line":119,"column":15}},{"start":{"line":121,"column":8},"end":{"line":178,"column":15}}],"line":115},"11":{"loc":{"start":{"line":135,"column":17},"end":{"line":138,"column":13}},"type":"binary-expr","locations":[{"start":{"line":135,"column":17},"end":{"line":135,"column":41}},{"start":{"line":135,"column":45},"end":{"line":138,"column":13}}],"line":135},"12":{"loc":{"start":{"line":139,"column":17},"end":{"line":145,"column":13}},"type":"binary-expr","locations":[{"start":{"line":139,"column":17},"end":{"line":139,"column":37}},{"start":{"line":139,"column":41},"end":{"line":145,"column":13}}],"line":139},"13":{"loc":{"start":{"line":147,"column":13},"end":{"line":162,"column":13}},"type":"cond-expr","locations":[{"start":{"line":148,"column":14},"end":{"line":152,"column":16}},{"start":{"line":154,"column":14},"end":{"line":161,"column":16}}],"line":147},"14":{"loc":{"start":{"line":154,"column":14},"end":{"line":161,"column":16}},"type":"binary-expr","locations":[{"start":{"line":154,"column":14},"end":{"line":154,"column":52}},{"start":{"line":155,"column":14},"end":{"line":161,"column":16}}],"line":154},"15":{"loc":{"start":{"line":164,"column":13},"end":{"line":174,"column":13}},"type":"binary-expr","locations":[{"start":{"line":164,"column":13},"end":{"line":164,"column":36}},{"start":{"line":165,"column":14},"end":{"line":173,"column":16}}],"line":164},"16":{"loc":{"start":{"line":181,"column":7},"end":{"line":189,"column":7}},"type":"binary-expr","locations":[{"start":{"line":181,"column":7},"end":{"line":181,"column":30}},{"start":{"line":182,"column":8},"end":{"line":188,"column":15}}],"line":181}},"s":{"0":1,"1":6,"2":6,"3":6,"4":6,"5":6,"6":6,"7":6,"8":6,"9":6,"10":0,"11":6,"12":0,"13":0,"14":0,"15":0,"16":0,"17":6,"18":0,"19":0,"20":0,"21":6,"22":0,"23":6,"24":5,"25":1,"26":6,"27":5,"28":0,"29":6,"30":5,"31":5,"32":5,"33":1,"34":1,"35":0,"36":4,"37":5,"38":5,"39":5,"40":6,"41":5,"42":0,"43":0,"44":0,"45":0,"46":0,"47":5,"48":6,"49":0,"50":0,"51":1,"52":0,"53":0,"54":1,"55":1},"f":{"0":6,"1":0,"2":0,"3":0,"4":0,"5":0,"6":0,"7":5,"8":5,"9":5,"10":5,"11":5,"12":5,"13":0,"14":0,"15":0,"16":0,"17":1,"18":0,"19":0},"b":{"0":[0,0,0,0],"1":[0,0],"2":[0,0],"3":[0,0],"4":[1,4],"5":[0,5],"6":[5,0],"7":[0,1],"8":[0,5],"9":[0,0],"10":[5,1],"11":[1,0],"12":[1,1],"13":[0,1],"14":[1,1],"15":[1,0],"16":[6,0]},"_coverageSchema":"1a1c01bbd47fc00a2c39e90264f33305004495a9","hash":"7f2d1adb896ffca1eb59777803d2274448e837e1"}
,"/Users/chrisanhthien/Desktop/Concordia_Campus_Guide/ccg_frontend/ccg_mobile/utils/transformCurrentLoc.js": {"path":"/Users/chrisanhthien/Desktop/Concordia_Campus_Guide/ccg_frontend/ccg_mobile/utils/transformCurrentLoc.js","statementMap":{"0":{"start":{"line":1,"column":26},"end":{"line":18,"column":1}},"1":{"start":{"line":3,"column":4},"end":{"line":6,"column":5}},"2":{"start":{"line":4,"column":8},"end":{"line":4,"column":67}},"3":{"start":{"line":5,"column":8},"end":{"line":5,"column":20}},"4":{"start":{"line":8,"column":4},"end":{"line":17,"column":6}}},"fnMap":{"0":{"name":"(anonymous_0)","decl":{"start":{"line":1,"column":26},"end":{"line":1,"column":27}},"loc":{"start":{"line":1,"column":47},"end":{"line":18,"column":1}},"line":1}},"branchMap":{"0":{"loc":{"start":{"line":3,"column":4},"end":{"line":6,"column":5}},"type":"if","locations":[{"start":{"line":3,"column":4},"end":{"line":6,"column":5}},{"start":{},"end":{}}],"line":3}},"s":{"0":1,"1":0,"2":0,"3":0,"4":0},"f":{"0":0},"b":{"0":[0,0]},"_coverageSchema":"1a1c01bbd47fc00a2c39e90264f33305004495a9","hash":"272f12b5ac4190675a80e4d1158551b26d5b3a2d"}
}
