{"/Users/chrisanhthien/Desktop/Concordia_Campus_Guide/ccg_frontend/ccg_mobile/assets/marker-1.png": {"path":"/Users/chrisanhthien/Desktop/Concordia_Campus_Guide/ccg_frontend/ccg_mobile/assets/marker-1.png","statementMap":{"0":{"start":{"line":1,"column":0},"end":{"line":4,"column":6}}},"fnMap":{},"branchMap":{},"s":{"0":1},"f":{},"b":{},"_coverageSchema":"1a1c01bbd47fc00a2c39e90264f33305004495a9","hash":"b84f9e389e82471ff09f6abaa4d9aa9bad7e139c"}
,"/Users/chrisanhthien/Desktop/Concordia_Campus_Guide/ccg_frontend/ccg_mobile/components/BuildingHighlight.js": {"path":"/Users/chrisanhthien/Desktop/Concordia_Campus_Guide/ccg_frontend/ccg_mobile/components/BuildingHighlight.js","statementMap":{"0":{"start":{"line":8,"column":26},"end":{"line":12,"column":1}},"1":{"start":{"line":9,"column":2},"end":{"line":11,"column":38}},"2":{"start":{"line":14,"column":30},"end":{"line":32,"column":1}},"3":{"start":{"line":15,"column":2},"end":{"line":31,"column":5}},"4":{"start":{"line":16,"column":4},"end":{"line":30,"column":6}},"5":{"start":{"line":21,"column":10},"end":{"line":24,"column":12}}},"fnMap":{"0":{"name":"(anonymous_0)","decl":{"start":{"line":8,"column":26},"end":{"line":8,"column":27}},"loc":{"start":{"line":8,"column":32},"end":{"line":12,"column":1}},"line":8},"1":{"name":"(anonymous_1)","decl":{"start":{"line":14,"column":30},"end":{"line":14,"column":31}},"loc":{"start":{"line":14,"column":42},"end":{"line":32,"column":1}},"line":14},"2":{"name":"(anonymous_2)","decl":{"start":{"line":15,"column":29},"end":{"line":15,"column":30}},"loc":{"start":{"line":15,"column":43},"end":{"line":31,"column":3}},"line":15},"3":{"name":"(anonymous_3)","decl":{"start":{"line":20,"column":55},"end":{"line":20,"column":56}},"loc":{"start":{"line":20,"column":66},"end":{"line":25,"column":9}},"line":20}},"branchMap":{"0":{"loc":{"start":{"line":9,"column":9},"end":{"line":11,"column":37}},"type":"cond-expr","locations":[{"start":{"line":10,"column":6},"end":{"line":10,"column":37}},{"start":{"line":11,"column":6},"end":{"line":11,"column":37}}],"line":9}},"s":{"0":2,"1":3,"2":2,"3":3,"4":3,"5":6},"f":{"0":3,"1":3,"2":3,"3":6},"b":{"0":[2,1]},"_coverageSchema":"1a1c01bbd47fc00a2c39e90264f33305004495a9","hash":"e94163fb5d314ea901a10cbeaf43f84c836e8eb4"}
,"/Users/chrisanhthien/Desktop/Concordia_Campus_Guide/ccg_frontend/ccg_mobile/components/CampusSelector.js": {"path":"/Users/chrisanhthien/Desktop/Concordia_Campus_Guide/ccg_frontend/ccg_mobile/components/CampusSelector.js","statementMap":{"0":{"start":{"line":6,"column":18},"end":{"line":6,"column":42}},"1":{"start":{"line":8,"column":23},"end":{"line":42,"column":1}},"2":{"start":{"line":9,"column":24},"end":{"line":18,"column":3}},"3":{"start":{"line":10,"column":4},"end":{"line":17,"column":5}},"4":{"start":{"line":12,"column":8},"end":{"line":12,"column":37}},"5":{"start":{"line":14,"column":8},"end":{"line":14,"column":24}},"6":{"start":{"line":16,"column":8},"end":{"line":16,"column":39}},"7":{"start":{"line":20,"column":25},"end":{"line":25,"column":5}},"8":{"start":{"line":21,"column":8},"end":{"line":21,"column":39}},"9":{"start":{"line":22,"column":26},"end":{"line":22,"column":66}},"10":{"start":{"line":23,"column":8},"end":{"line":23,"column":46}},"11":{"start":{"line":24,"column":8},"end":{"line":24,"column":34}},"12":{"start":{"line":27,"column":2},"end":{"line":41,"column":4}},"13":{"start":{"line":45,"column":0},"end":{"line":48,"column":2}},"14":{"start":{"line":50,"column":15},"end":{"line":72,"column":2}}},"fnMap":{"0":{"name":"(anonymous_0)","decl":{"start":{"line":8,"column":23},"end":{"line":8,"column":24}},"loc":{"start":{"line":8,"column":71},"end":{"line":42,"column":1}},"line":8},"1":{"name":"(anonymous_1)","decl":{"start":{"line":9,"column":24},"end":{"line":9,"column":25}},"loc":{"start":{"line":9,"column":36},"end":{"line":18,"column":3}},"line":9},"2":{"name":"(anonymous_2)","decl":{"start":{"line":20,"column":25},"end":{"line":20,"column":26}},"loc":{"start":{"line":20,"column":31},"end":{"line":25,"column":5}},"line":20}},"branchMap":{"0":{"loc":{"start":{"line":8,"column":26},"end":{"line":8,"column":48}},"type":"default-arg","locations":[{"start":{"line":8,"column":43},"end":{"line":8,"column":48}}],"line":8},"1":{"loc":{"start":{"line":10,"column":4},"end":{"line":17,"column":5}},"type":"switch","locations":[{"start":{"line":11,"column":6},"end":{"line":12,"column":37}},{"start":{"line":13,"column":6},"end":{"line":14,"column":24}},{"start":{"line":15,"column":6},"end":{"line":16,"column":39}}],"line":10},"2":{"loc":{"start":{"line":22,"column":26},"end":{"line":22,"column":66}},"type":"cond-expr","locations":[{"start":{"line":22,"column":53},"end":{"line":22,"column":58}},{"start":{"line":22,"column":61},"end":{"line":22,"column":66}}],"line":22}},"s":{"0":1,"1":1,"2":4,"3":4,"4":2,"5":1,"6":1,"7":4,"8":3,"9":3,"10":3,"11":3,"12":4,"13":1,"14":1},"f":{"0":4,"1":4,"2":3},"b":{"0":[0],"1":[2,1,1],"2":[2,1]},"_coverageSchema":"1a1c01bbd47fc00a2c39e90264f33305004495a9","hash":"29b59d3217bfd37218e48c6b09a83e0acbbcf365"}
,"/Users/chrisanhthien/Desktop/Concordia_Campus_Guide/ccg_frontend/ccg_mobile/components/CustomMarker.js": {"path":"/Users/chrisanhthien/Desktop/Concordia_Campus_Guide/ccg_frontend/ccg_mobile/components/CustomMarker.js","statementMap":{"0":{"start":{"line":5,"column":21},"end":{"line":26,"column":1}},"1":{"start":{"line":6,"column":4},"end":{"line":25,"column":6}},"2":{"start":{"line":13,"column":16},"end":{"line":13,"column":26}},"3":{"start":{"line":28,"column":15},"end":{"line":58,"column":2}}},"fnMap":{"0":{"name":"(anonymous_0)","decl":{"start":{"line":5,"column":21},"end":{"line":5,"column":22}},"loc":{"start":{"line":5,"column":58},"end":{"line":26,"column":1}},"line":5},"1":{"name":"(anonymous_1)","decl":{"start":{"line":12,"column":21},"end":{"line":12,"column":22}},"loc":{"start":{"line":12,"column":27},"end":{"line":14,"column":13}},"line":12}},"branchMap":{"0":{"loc":{"start":{"line":18,"column":27},"end":{"line":18,"column":87}},"type":"cond-expr","locations":[{"start":{"line":18,"column":42},"end":{"line":18,"column":60}},{"start":{"line":18,"column":63},"end":{"line":18,"column":87}}],"line":18}},"s":{"0":2,"1":2,"2":1,"3":2},"f":{"0":2,"1":1},"b":{"0":[2,0]},"_coverageSchema":"1a1c01bbd47fc00a2c39e90264f33305004495a9","hash":"7c91046a3d1a5dfeeed3cbd1377cf311e7edca79"}
,"/Users/chrisanhthien/Desktop/Concordia_Campus_Guide/ccg_frontend/ccg_mobile/components/HeaderBar.js": {"path":"/Users/chrisanhthien/Desktop/Concordia_Campus_Guide/ccg_frontend/ccg_mobile/components/HeaderBar.js","statementMap":{"0":{"start":{"line":7,"column":18},"end":{"line":7,"column":42}},"1":{"start":{"line":10,"column":18},"end":{"line":68,"column":1}},"2":{"start":{"line":11,"column":42},"end":{"line":11,"column":57}},"3":{"start":{"line":12,"column":26},"end":{"line":12,"column":63}},"4":{"start":{"line":13,"column":29},"end":{"line":13,"column":66}},"5":{"start":{"line":15,"column":4},"end":{"line":44,"column":22}},"6":{"start":{"line":16,"column":8},"end":{"line":43,"column":9}},"7":{"start":{"line":17,"column":12},"end":{"line":28,"column":23}},"8":{"start":{"line":31,"column":12},"end":{"line":42,"column":23}},"9":{"start":{"line":46,"column":4},"end":{"line":67,"column":6}},"10":{"start":{"line":70,"column":15},"end":{"line":89,"column":2}}},"fnMap":{"0":{"name":"(anonymous_0)","decl":{"start":{"line":10,"column":18},"end":{"line":10,"column":19}},"loc":{"start":{"line":10,"column":132},"end":{"line":68,"column":1}},"line":10},"1":{"name":"(anonymous_1)","decl":{"start":{"line":15,"column":14},"end":{"line":15,"column":15}},"loc":{"start":{"line":15,"column":20},"end":{"line":44,"column":5}},"line":15}},"branchMap":{"0":{"loc":{"start":{"line":16,"column":8},"end":{"line":43,"column":9}},"type":"if","locations":[{"start":{"line":16,"column":8},"end":{"line":43,"column":9}},{"start":{"line":29,"column":15},"end":{"line":43,"column":9}}],"line":16}},"s":{"0":1,"1":1,"2":2,"3":2,"4":2,"5":2,"6":2,"7":0,"8":2,"9":2,"10":1},"f":{"0":2,"1":2},"b":{"0":[0,2]},"_coverageSchema":"1a1c01bbd47fc00a2c39e90264f33305004495a9","hash":"db4f541c616b5f1286c593db56683ee66f7b861f"}
,"/Users/chrisanhthien/Desktop/Concordia_Campus_Guide/ccg_frontend/ccg_mobile/components/InfoPopUp.js": {"path":"/Users/chrisanhthien/Desktop/Concordia_Campus_Guide/ccg_frontend/ccg_mobile/components/InfoPopUp.js","statementMap":{"0":{"start":{"line":7,"column":18},"end":{"line":81,"column":1}},"1":{"start":{"line":9,"column":4},"end":{"line":80,"column":4}},"2":{"start":{"line":51,"column":49},"end":{"line":51,"column":60}},"3":{"start":{"line":71,"column":25},"end":{"line":71,"column":36}},"4":{"start":{"line":83,"column":15},"end":{"line":151,"column":1}}},"fnMap":{"0":{"name":"(anonymous_0)","decl":{"start":{"line":7,"column":18},"end":{"line":7,"column":19}},"loc":{"start":{"line":7,"column":48},"end":{"line":81,"column":1}},"line":7},"1":{"name":"(anonymous_1)","decl":{"start":{"line":51,"column":43},"end":{"line":51,"column":44}},"loc":{"start":{"line":51,"column":49},"end":{"line":51,"column":60}},"line":51},"2":{"name":"(anonymous_2)","decl":{"start":{"line":71,"column":19},"end":{"line":71,"column":20}},"loc":{"start":{"line":71,"column":25},"end":{"line":71,"column":36}},"line":71}},"branchMap":{"0":{"loc":{"start":{"line":34,"column":36},"end":{"line":34,"column":78}},"type":"cond-expr","locations":[{"start":{"line":34,"column":56},"end":{"line":34,"column":61}},{"start":{"line":34,"column":64},"end":{"line":34,"column":78}}],"line":34},"1":{"loc":{"start":{"line":34,"column":97},"end":{"line":34,"column":132}},"type":"cond-expr","locations":[{"start":{"line":34,"column":117},"end":{"line":34,"column":124}},{"start":{"line":34,"column":127},"end":{"line":34,"column":132}}],"line":34},"2":{"loc":{"start":{"line":39,"column":36},"end":{"line":39,"column":90}},"type":"cond-expr","locations":[{"start":{"line":39,"column":58},"end":{"line":39,"column":73}},{"start":{"line":39,"column":76},"end":{"line":39,"column":90}}],"line":39},"3":{"loc":{"start":{"line":39,"column":109},"end":{"line":39,"column":146}},"type":"cond-expr","locations":[{"start":{"line":39,"column":131},"end":{"line":39,"column":138}},{"start":{"line":39,"column":141},"end":{"line":39,"column":146}}],"line":39},"4":{"loc":{"start":{"line":44,"column":36},"end":{"line":44,"column":79}},"type":"cond-expr","locations":[{"start":{"line":44,"column":48},"end":{"line":44,"column":62}},{"start":{"line":44,"column":65},"end":{"line":44,"column":79}}],"line":44},"5":{"loc":{"start":{"line":44,"column":98},"end":{"line":44,"column":125}},"type":"cond-expr","locations":[{"start":{"line":44,"column":110},"end":{"line":44,"column":117}},{"start":{"line":44,"column":120},"end":{"line":44,"column":125}}],"line":44}},"s":{"0":2,"1":0,"2":0,"3":0,"4":2},"f":{"0":0,"1":0,"2":0},"b":{"0":[0,0],"1":[0,0],"2":[0,0],"3":[0,0],"4":[0,0],"5":[0,0]},"_coverageSchema":"1a1c01bbd47fc00a2c39e90264f33305004495a9","hash":"179ccbb1d120f1f933487c6089b1051a51b2b37d"}
,"/Users/chrisanhthien/Desktop/Concordia_Campus_Guide/ccg_frontend/ccg_mobile/components/MapViewComponent.js": {"path":"/Users/chrisanhthien/Desktop/Concordia_Campus_Guide/ccg_frontend/ccg_mobile/components/MapViewComponent.js","statementMap":{"0":{"start":{"line":19,"column":26},"end":{"line":19,"column":50}},"1":{"start":{"line":21,"column":25},"end":{"line":118,"column":1}},"2":{"start":{"line":22,"column":36},"end":{"line":22,"column":50}},"3":{"start":{"line":23,"column":48},"end":{"line":23,"column":62}},"4":{"start":{"line":24,"column":46},"end":{"line":24,"column":60}},"5":{"start":{"line":26,"column":28},"end":{"line":31,"column":3}},"6":{"start":{"line":28,"column":4},"end":{"line":30,"column":10}},"7":{"start":{"line":29,"column":6},"end":{"line":29,"column":73}},"8":{"start":{"line":29,"column":35},"end":{"line":29,"column":70}},"9":{"start":{"line":33,"column":25},"end":{"line":35,"column":3}},"10":{"start":{"line":34,"column":4},"end":{"line":34,"column":48}},"11":{"start":{"line":37,"column":2},"end":{"line":41,"column":18}},"12":{"start":{"line":38,"column":4},"end":{"line":40,"column":5}},"13":{"start":{"line":39,"column":6},"end":{"line":39,"column":26}},"14":{"start":{"line":43,"column":2},"end":{"line":58,"column":9}},"15":{"start":{"line":44,"column":26},"end":{"line":52,"column":5}},"16":{"start":{"line":45,"column":6},"end":{"line":51,"column":7}},"17":{"start":{"line":46,"column":8},"end":{"line":46,"column":54}},"18":{"start":{"line":47,"column":25},"end":{"line":47,"column":61}},"19":{"start":{"line":48,"column":8},"end":{"line":48,"column":37}},"20":{"start":{"line":50,"column":8},"end":{"line":50,"column":55}},"21":{"start":{"line":53,"column":4},"end":{"line":53,"column":20}},"22":{"start":{"line":55,"column":4},"end":{"line":57,"column":6}},"23":{"start":{"line":56,"column":6},"end":{"line":56,"column":45}},"24":{"start":{"line":61,"column":2},"end":{"line":117,"column":4}},"25":{"start":{"line":76,"column":27},"end":{"line":76,"column":50}},"26":{"start":{"line":80,"column":14},"end":{"line":84,"column":16}},"27":{"start":{"line":83,"column":31},"end":{"line":83,"column":58}},"28":{"start":{"line":111,"column":27},"end":{"line":111,"column":50}},"29":{"start":{"line":120,"column":15},"end":{"line":152,"column":2}}},"fnMap":{"0":{"name":"(anonymous_0)","decl":{"start":{"line":21,"column":25},"end":{"line":21,"column":26}},"loc":{"start":{"line":21,"column":52},"end":{"line":118,"column":1}},"line":21},"1":{"name":"(anonymous_1)","decl":{"start":{"line":26,"column":28},"end":{"line":26,"column":29}},"loc":{"start":{"line":26,"column":42},"end":{"line":31,"column":3}},"line":26},"2":{"name":"(anonymous_2)","decl":{"start":{"line":28,"column":15},"end":{"line":28,"column":16}},"loc":{"start":{"line":28,"column":21},"end":{"line":30,"column":5}},"line":28},"3":{"name":"(anonymous_3)","decl":{"start":{"line":29,"column":24},"end":{"line":29,"column":25}},"loc":{"start":{"line":29,"column":35},"end":{"line":29,"column":70}},"line":29},"4":{"name":"(anonymous_4)","decl":{"start":{"line":33,"column":25},"end":{"line":33,"column":26}},"loc":{"start":{"line":33,"column":39},"end":{"line":35,"column":3}},"line":33},"5":{"name":"(anonymous_5)","decl":{"start":{"line":37,"column":12},"end":{"line":37,"column":13}},"loc":{"start":{"line":37,"column":18},"end":{"line":41,"column":3}},"line":37},"6":{"name":"(anonymous_6)","decl":{"start":{"line":43,"column":12},"end":{"line":43,"column":13}},"loc":{"start":{"line":43,"column":18},"end":{"line":58,"column":3}},"line":43},"7":{"name":"(anonymous_7)","decl":{"start":{"line":44,"column":26},"end":{"line":44,"column":27}},"loc":{"start":{"line":44,"column":38},"end":{"line":52,"column":5}},"line":44},"8":{"name":"(anonymous_8)","decl":{"start":{"line":55,"column":11},"end":{"line":55,"column":12}},"loc":{"start":{"line":55,"column":17},"end":{"line":57,"column":5}},"line":55},"9":{"name":"(anonymous_9)","decl":{"start":{"line":76,"column":21},"end":{"line":76,"column":22}},"loc":{"start":{"line":76,"column":27},"end":{"line":76,"column":50}},"line":76},"10":{"name":"(anonymous_10)","decl":{"start":{"line":79,"column":27},"end":{"line":79,"column":28}},"loc":{"start":{"line":80,"column":14},"end":{"line":84,"column":16}},"line":80},"11":{"name":"(anonymous_11)","decl":{"start":{"line":83,"column":25},"end":{"line":83,"column":26}},"loc":{"start":{"line":83,"column":31},"end":{"line":83,"column":58}},"line":83},"12":{"name":"(anonymous_12)","decl":{"start":{"line":111,"column":21},"end":{"line":111,"column":22}},"loc":{"start":{"line":111,"column":27},"end":{"line":111,"column":50}},"line":111}},"branchMap":{"0":{"loc":{"start":{"line":29,"column":35},"end":{"line":29,"column":70}},"type":"cond-expr","locations":[{"start":{"line":29,"column":55},"end":{"line":29,"column":59}},{"start":{"line":29,"column":62},"end":{"line":29,"column":70}}],"line":29},"1":{"loc":{"start":{"line":38,"column":4},"end":{"line":40,"column":5}},"type":"if","locations":[{"start":{"line":38,"column":4},"end":{"line":40,"column":5}},{"start":{},"end":{}}],"line":38},"2":{"loc":{"start":{"line":64,"column":7},"end":{"line":104,"column":7}},"type":"cond-expr","locations":[{"start":{"line":65,"column":8},"end":{"line":68,"column":15}},{"start":{"line":70,"column":8},"end":{"line":103,"column":15}}],"line":64},"3":{"loc":{"start":{"line":88,"column":25},"end":{"line":98,"column":25}},"type":"binary-expr","locations":[{"start":{"line":88,"column":25},"end":{"line":88,"column":48}},{"start":{"line":89,"column":28},"end":{"line":97,"column":30}}],"line":88},"4":{"loc":{"start":{"line":107,"column":7},"end":{"line":115,"column":7}},"type":"binary-expr","locations":[{"start":{"line":107,"column":7},"end":{"line":107,"column":30}},{"start":{"line":108,"column":8},"end":{"line":114,"column":15}}],"line":107},"5":{"loc":{"start":{"line":126,"column":16},"end":{"line":126,"column":71}},"type":"cond-expr","locations":[{"start":{"line":126,"column":44},"end":{"line":126,"column":67}},{"start":{"line":126,"column":70},"end":{"line":126,"column":71}}],"line":126}},"s":{"0":1,"1":1,"2":5,"3":5,"4":5,"5":5,"6":0,"7":0,"8":0,"9":5,"10":0,"11":5,"12":4,"13":0,"14":5,"15":4,"16":4,"17":4,"18":1,"19":1,"20":3,"21":4,"22":4,"23":4,"24":5,"25":0,"26":0,"27":0,"28":0,"29":1},"f":{"0":5,"1":0,"2":0,"3":0,"4":0,"5":4,"6":4,"7":4,"8":4,"9":0,"10":0,"11":0,"12":0},"b":{"0":[0,0],"1":[0,4],"2":[5,0],"3":[0,0],"4":[5,0],"5":[0,1]},"_coverageSchema":"1a1c01bbd47fc00a2c39e90264f33305004495a9","hash":"919c5d35fa415bad59429a7344279be623eedf33"}
,"/Users/chrisanhthien/Desktop/Concordia_Campus_Guide/ccg_frontend/ccg_mobile/components/MenuButton.js": {"path":"/Users/chrisanhthien/Desktop/Concordia_Campus_Guide/ccg_frontend/ccg_mobile/components/MenuButton.js","statementMap":{"0":{"start":{"line":7,"column":19},"end":{"line":19,"column":1}},"1":{"start":{"line":8,"column":23},"end":{"line":8,"column":38}},"2":{"start":{"line":10,"column":4},"end":{"line":18,"column":6}},"3":{"start":{"line":13,"column":27},"end":{"line":13,"column":76}},"4":{"start":{"line":21,"column":15},"end":{"line":26,"column":2}}},"fnMap":{"0":{"name":"(anonymous_0)","decl":{"start":{"line":7,"column":19},"end":{"line":7,"column":20}},"loc":{"start":{"line":7,"column":25},"end":{"line":19,"column":1}},"line":7},"1":{"name":"(anonymous_1)","decl":{"start":{"line":13,"column":21},"end":{"line":13,"column":22}},"loc":{"start":{"line":13,"column":27},"end":{"line":13,"column":76}},"line":13}},"branchMap":{"0":{"loc":{"start":{"line":13,"column":27},"end":{"line":13,"column":76}},"type":"binary-expr","locations":[{"start":{"line":13,"column":27},"end":{"line":13,"column":49}},{"start":{"line":13,"column":53},"end":{"line":13,"column":76}}],"line":13}},"s":{"0":1,"1":2,"2":2,"3":1,"4":1},"f":{"0":2,"1":1},"b":{"0":[1,1]},"_coverageSchema":"1a1c01bbd47fc00a2c39e90264f33305004495a9","hash":"171280c7fb5f3ec0fd0bbafcc93a6a43d2c17cc1"}
,"/Users/chrisanhthien/Desktop/Concordia_Campus_Guide/ccg_frontend/ccg_mobile/components/NavigationToggle.js": {"path":"/Users/chrisanhthien/Desktop/Concordia_Campus_Guide/ccg_frontend/ccg_mobile/components/NavigationToggle.js","statementMap":{"0":{"start":{"line":10,"column":18},"end":{"line":10,"column":42}},"1":{"start":{"line":12,"column":25},"end":{"line":36,"column":1}},"2":{"start":{"line":13,"column":2},"end":{"line":35,"column":4}},"3":{"start":{"line":18,"column":23},"end":{"line":18,"column":41}},"4":{"start":{"line":28,"column":23},"end":{"line":28,"column":40}},"5":{"start":{"line":38,"column":15},"end":{"line":75,"column":2}}},"fnMap":{"0":{"name":"(anonymous_0)","decl":{"start":{"line":12,"column":25},"end":{"line":12,"column":26}},"loc":{"start":{"line":12,"column":56},"end":{"line":36,"column":1}},"line":12},"1":{"name":"(anonymous_1)","decl":{"start":{"line":18,"column":17},"end":{"line":18,"column":18}},"loc":{"start":{"line":18,"column":23},"end":{"line":18,"column":41}},"line":18},"2":{"name":"(anonymous_2)","decl":{"start":{"line":28,"column":17},"end":{"line":28,"column":18}},"loc":{"start":{"line":28,"column":23},"end":{"line":28,"column":40}},"line":28}},"branchMap":{"0":{"loc":{"start":{"line":17,"column":34},"end":{"line":17,"column":63}},"type":"binary-expr","locations":[{"start":{"line":17,"column":34},"end":{"line":17,"column":43}},{"start":{"line":17,"column":47},"end":{"line":17,"column":63}}],"line":17},"1":{"loc":{"start":{"line":20,"column":38},"end":{"line":20,"column":68}},"type":"binary-expr","locations":[{"start":{"line":20,"column":38},"end":{"line":20,"column":47}},{"start":{"line":20,"column":51},"end":{"line":20,"column":68}}],"line":20},"2":{"loc":{"start":{"line":27,"column":34},"end":{"line":27,"column":62}},"type":"binary-expr","locations":[{"start":{"line":27,"column":34},"end":{"line":27,"column":42}},{"start":{"line":27,"column":46},"end":{"line":27,"column":62}}],"line":27},"3":{"loc":{"start":{"line":30,"column":38},"end":{"line":30,"column":67}},"type":"binary-expr","locations":[{"start":{"line":30,"column":38},"end":{"line":30,"column":46}},{"start":{"line":30,"column":50},"end":{"line":30,"column":67}}],"line":30}},"s":{"0":1,"1":1,"2":3,"3":1,"4":1,"5":1},"f":{"0":3,"1":1,"2":1},"b":{"0":[3,2],"1":[3,2],"2":[3,1],"3":[3,1]},"_coverageSchema":"1a1c01bbd47fc00a2c39e90264f33305004495a9","hash":"5e8cccfc82ac104a3f9b7aa98325ec0daa3cff62"}
,"/Users/chrisanhthien/Desktop/Concordia_Campus_Guide/ccg_frontend/ccg_mobile/components/SearchBar.js": {"path":"/Users/chrisanhthien/Desktop/Concordia_Campus_Guide/ccg_frontend/ccg_mobile/components/SearchBar.js","statementMap":{"0":{"start":{"line":18,"column":18},"end":{"line":18,"column":42}},"1":{"start":{"line":20,"column":18},"end":{"line":199,"column":1}},"2":{"start":{"line":21,"column":36},"end":{"line":21,"column":51}},"3":{"start":{"line":22,"column":30},"end":{"line":22,"column":67}},"4":{"start":{"line":23,"column":33},"end":{"line":23,"column":71}},"5":{"start":{"line":25,"column":26},"end":{"line":25,"column":63}},"6":{"start":{"line":26,"column":29},"end":{"line":26,"column":67}},"7":{"start":{"line":28,"column":42},"end":{"line":28,"column":54}},"8":{"start":{"line":29,"column":40},"end":{"line":29,"column":52}},"9":{"start":{"line":30,"column":54},"end":{"line":30,"column":66}},"10":{"start":{"line":31,"column":44},"end":{"line":31,"column":58}},"11":{"start":{"line":33,"column":26},"end":{"line":33,"column":66}},"12":{"start":{"line":33,"column":52},"end":{"line":33,"column":65}},"13":{"start":{"line":35,"column":4},"end":{"line":84,"column":22}},"14":{"start":{"line":36,"column":8},"end":{"line":83,"column":9}},"15":{"start":{"line":37,"column":12},"end":{"line":37,"column":30}},"16":{"start":{"line":38,"column":12},"end":{"line":59,"column":23}},"17":{"start":{"line":61,"column":12},"end":{"line":82,"column":47}},"18":{"start":{"line":82,"column":27},"end":{"line":82,"column":45}},"19":{"start":{"line":86,"column":25},"end":{"line":105,"column":5}},"20":{"start":{"line":87,"column":8},"end":{"line":88,"column":34}},"21":{"start":{"line":87,"column":25},"end":{"line":87,"column":47}},"22":{"start":{"line":88,"column":13},"end":{"line":88,"column":34}},"23":{"start":{"line":90,"column":8},"end":{"line":104,"column":9}},"24":{"start":{"line":91,"column":12},"end":{"line":91,"column":33}},"25":{"start":{"line":92,"column":12},"end":{"line":96,"column":14}},"26":{"start":{"line":94,"column":51},"end":{"line":94,"column":98}},"27":{"start":{"line":98,"column":12},"end":{"line":98,"column":32}},"28":{"start":{"line":99,"column":12},"end":{"line":103,"column":14}},"29":{"start":{"line":101,"column":51},"end":{"line":101,"column":98}},"30":{"start":{"line":107,"column":25},"end":{"line":116,"column":5}},"31":{"start":{"line":108,"column":8},"end":{"line":112,"column":9}},"32":{"start":{"line":109,"column":12},"end":{"line":109,"column":37}},"33":{"start":{"line":111,"column":12},"end":{"line":111,"column":36}},"34":{"start":{"line":113,"column":8},"end":{"line":113,"column":33}},"35":{"start":{"line":114,"column":8},"end":{"line":114,"column":27}},"36":{"start":{"line":115,"column":8},"end":{"line":115,"column":30}},"37":{"start":{"line":118,"column":31},"end":{"line":122,"column":5}},"38":{"start":{"line":121,"column":8},"end":{"line":121,"column":145}},"39":{"start":{"line":121,"column":56},"end":{"line":121,"column":84}},"40":{"start":{"line":121,"column":113},"end":{"line":121,"column":142}},"41":{"start":{"line":124,"column":4},"end":{"line":198,"column":6}},"42":{"start":{"line":138,"column":48},"end":{"line":138,"column":75}},"43":{"start":{"line":139,"column":39},"end":{"line":139,"column":63}},"44":{"start":{"line":148,"column":48},"end":{"line":148,"column":52}},"45":{"start":{"line":151,"column":28},"end":{"line":153,"column":47}},"46":{"start":{"line":151,"column":61},"end":{"line":151,"column":88}},"47":{"start":{"line":166,"column":44},"end":{"line":166,"column":77}},"48":{"start":{"line":167,"column":35},"end":{"line":167,"column":65}},"49":{"start":{"line":175,"column":48},"end":{"line":175,"column":52}},"50":{"start":{"line":178,"column":28},"end":{"line":180,"column":47}},"51":{"start":{"line":178,"column":61},"end":{"line":178,"column":94}},"52":{"start":{"line":202,"column":15},"end":{"line":274,"column":2}}},"fnMap":{"0":{"name":"(anonymous_0)","decl":{"start":{"line":20,"column":18},"end":{"line":20,"column":19}},"loc":{"start":{"line":20,"column":116},"end":{"line":199,"column":1}},"line":20},"1":{"name":"(anonymous_1)","decl":{"start":{"line":33,"column":40},"end":{"line":33,"column":41}},"loc":{"start":{"line":33,"column":52},"end":{"line":33,"column":65}},"line":33},"2":{"name":"(anonymous_2)","decl":{"start":{"line":35,"column":14},"end":{"line":35,"column":15}},"loc":{"start":{"line":35,"column":20},"end":{"line":84,"column":5}},"line":35},"3":{"name":"(anonymous_3)","decl":{"start":{"line":82,"column":21},"end":{"line":82,"column":22}},"loc":{"start":{"line":82,"column":27},"end":{"line":82,"column":45}},"line":82},"4":{"name":"(anonymous_4)","decl":{"start":{"line":86,"column":25},"end":{"line":86,"column":26}},"loc":{"start":{"line":86,"column":41},"end":{"line":105,"column":5}},"line":86},"5":{"name":"(anonymous_5)","decl":{"start":{"line":94,"column":43},"end":{"line":94,"column":44}},"loc":{"start":{"line":94,"column":51},"end":{"line":94,"column":98}},"line":94},"6":{"name":"(anonymous_6)","decl":{"start":{"line":101,"column":43},"end":{"line":101,"column":44}},"loc":{"start":{"line":101,"column":51},"end":{"line":101,"column":98}},"line":101},"7":{"name":"(anonymous_7)","decl":{"start":{"line":107,"column":25},"end":{"line":107,"column":26}},"loc":{"start":{"line":107,"column":45},"end":{"line":116,"column":5}},"line":107},"8":{"name":"(anonymous_8)","decl":{"start":{"line":118,"column":31},"end":{"line":118,"column":32}},"loc":{"start":{"line":118,"column":37},"end":{"line":122,"column":5}},"line":118},"9":{"name":"(anonymous_9)","decl":{"start":{"line":121,"column":44},"end":{"line":121,"column":45}},"loc":{"start":{"line":121,"column":56},"end":{"line":121,"column":84}},"line":121},"10":{"name":"(anonymous_10)","decl":{"start":{"line":121,"column":101},"end":{"line":121,"column":102}},"loc":{"start":{"line":121,"column":113},"end":{"line":121,"column":142}},"line":121},"11":{"name":"(anonymous_11)","decl":{"start":{"line":138,"column":38},"end":{"line":138,"column":39}},"loc":{"start":{"line":138,"column":48},"end":{"line":138,"column":75}},"line":138},"12":{"name":"(anonymous_12)","decl":{"start":{"line":139,"column":33},"end":{"line":139,"column":34}},"loc":{"start":{"line":139,"column":39},"end":{"line":139,"column":63}},"line":139},"13":{"name":"(anonymous_13)","decl":{"start":{"line":148,"column":38},"end":{"line":148,"column":39}},"loc":{"start":{"line":148,"column":48},"end":{"line":148,"column":52}},"line":148},"14":{"name":"(anonymous_14)","decl":{"start":{"line":150,"column":36},"end":{"line":150,"column":37}},"loc":{"start":{"line":151,"column":28},"end":{"line":153,"column":47}},"line":151},"15":{"name":"(anonymous_15)","decl":{"start":{"line":151,"column":55},"end":{"line":151,"column":56}},"loc":{"start":{"line":151,"column":61},"end":{"line":151,"column":88}},"line":151},"16":{"name":"(anonymous_16)","decl":{"start":{"line":166,"column":34},"end":{"line":166,"column":35}},"loc":{"start":{"line":166,"column":44},"end":{"line":166,"column":77}},"line":166},"17":{"name":"(anonymous_17)","decl":{"start":{"line":167,"column":29},"end":{"line":167,"column":30}},"loc":{"start":{"line":167,"column":35},"end":{"line":167,"column":65}},"line":167},"18":{"name":"(anonymous_18)","decl":{"start":{"line":175,"column":38},"end":{"line":175,"column":39}},"loc":{"start":{"line":175,"column":48},"end":{"line":175,"column":52}},"line":175},"19":{"name":"(anonymous_19)","decl":{"start":{"line":177,"column":36},"end":{"line":177,"column":37}},"loc":{"start":{"line":178,"column":28},"end":{"line":180,"column":47}},"line":178},"20":{"name":"(anonymous_20)","decl":{"start":{"line":178,"column":55},"end":{"line":178,"column":56}},"loc":{"start":{"line":178,"column":61},"end":{"line":178,"column":94}},"line":178}},"branchMap":{"0":{"loc":{"start":{"line":36,"column":8},"end":{"line":83,"column":9}},"type":"if","locations":[{"start":{"line":36,"column":8},"end":{"line":83,"column":9}},{"start":{"line":60,"column":15},"end":{"line":83,"column":9}}],"line":36},"1":{"loc":{"start":{"line":87,"column":8},"end":{"line":88,"column":34}},"type":"if","locations":[{"start":{"line":87,"column":8},"end":{"line":88,"column":34}},{"start":{"line":88,"column":13},"end":{"line":88,"column":34}}],"line":87},"2":{"loc":{"start":{"line":90,"column":8},"end":{"line":104,"column":9}},"type":"if","locations":[{"start":{"line":90,"column":8},"end":{"line":104,"column":9}},{"start":{"line":97,"column":15},"end":{"line":104,"column":9}}],"line":90},"3":{"loc":{"start":{"line":93,"column":16},"end":{"line":95,"column":24}},"type":"cond-expr","locations":[{"start":{"line":94,"column":22},"end":{"line":94,"column":99}},{"start":{"line":95,"column":22},"end":{"line":95,"column":24}}],"line":93},"4":{"loc":{"start":{"line":100,"column":16},"end":{"line":102,"column":24}},"type":"cond-expr","locations":[{"start":{"line":101,"column":22},"end":{"line":101,"column":99}},{"start":{"line":102,"column":22},"end":{"line":102,"column":24}}],"line":100},"5":{"loc":{"start":{"line":108,"column":8},"end":{"line":112,"column":9}},"type":"if","locations":[{"start":{"line":108,"column":8},"end":{"line":112,"column":9}},{"start":{"line":110,"column":15},"end":{"line":112,"column":9}}],"line":108},"6":{"loc":{"start":{"line":127,"column":13},"end":{"line":142,"column":13}},"type":"binary-expr","locations":[{"start":{"line":127,"column":13},"end":{"line":127,"column":21}},{"start":{"line":128,"column":16},"end":{"line":141,"column":32}}],"line":127},"7":{"loc":{"start":{"line":144,"column":13},"end":{"line":157,"column":13}},"type":"binary-expr","locations":[{"start":{"line":144,"column":13},"end":{"line":144,"column":37}},{"start":{"line":144,"column":41},"end":{"line":144,"column":69}},{"start":{"line":145,"column":16},"end":{"line":156,"column":23}}],"line":144},"8":{"loc":{"start":{"line":171,"column":13},"end":{"line":184,"column":13}},"type":"binary-expr","locations":[{"start":{"line":171,"column":13},"end":{"line":171,"column":43}},{"start":{"line":171,"column":47},"end":{"line":171,"column":75}},{"start":{"line":172,"column":16},"end":{"line":183,"column":23}}],"line":171},"9":{"loc":{"start":{"line":186,"column":5},"end":{"line":196,"column":5}},"type":"binary-expr","locations":[{"start":{"line":186,"column":5},"end":{"line":186,"column":13}},{"start":{"line":187,"column":8},"end":{"line":195,"column":24}}],"line":186}},"s":{"0":1,"1":1,"2":0,"3":0,"4":0,"5":0,"6":0,"7":0,"8":0,"9":0,"10":0,"11":0,"12":0,"13":0,"14":0,"15":0,"16":0,"17":0,"18":0,"19":0,"20":0,"21":0,"22":0,"23":0,"24":0,"25":0,"26":0,"27":0,"28":0,"29":0,"30":0,"31":0,"32":0,"33":0,"34":0,"35":0,"36":0,"37":0,"38":0,"39":0,"40":0,"41":0,"42":0,"43":0,"44":0,"45":0,"46":0,"47":0,"48":0,"49":0,"50":0,"51":0,"52":1},"f":{"0":0,"1":0,"2":0,"3":0,"4":0,"5":0,"6":0,"7":0,"8":0,"9":0,"10":0,"11":0,"12":0,"13":0,"14":0,"15":0,"16":0,"17":0,"18":0,"19":0,"20":0},"b":{"0":[0,0],"1":[0,0],"2":[0,0],"3":[0,0],"4":[0,0],"5":[0,0],"6":[0,0],"7":[0,0,0],"8":[0,0,0],"9":[0,0]},"_coverageSchema":"1a1c01bbd47fc00a2c39e90264f33305004495a9","hash":"470dac2db31e9ff4b5a21b5b50f6d45b9eb7cf66"}
,"/Users/chrisanhthien/Desktop/Concordia_Campus_Guide/ccg_frontend/ccg_mobile/components/SideBar.js": {"path":"/Users/chrisanhthien/Desktop/Concordia_Campus_Guide/ccg_frontend/ccg_mobile/components/SideBar.js","statementMap":{"0":{"start":{"line":5,"column":26},"end":{"line":5,"column":50}},"1":{"start":{"line":8,"column":23},"end":{"line":8,"column":38}},"2":{"start":{"line":10,"column":4},"end":{"line":32,"column":6}},"3":{"start":{"line":15,"column":75},"end":{"line":15,"column":102}},"4":{"start":{"line":35,"column":15},"end":{"line":66,"column":2}}},"fnMap":{"0":{"name":"Sidebar","decl":{"start":{"line":7,"column":9},"end":{"line":7,"column":16}},"loc":{"start":{"line":7,"column":19},"end":{"line":33,"column":1}},"line":7},"1":{"name":"(anonymous_1)","decl":{"start":{"line":15,"column":69},"end":{"line":15,"column":70}},"loc":{"start":{"line":15,"column":75},"end":{"line":15,"column":102}},"line":15}},"branchMap":{"0":{"loc":{"start":{"line":39,"column":20},"end":{"line":39,"column":75}},"type":"cond-expr","locations":[{"start":{"line":39,"column":48},"end":{"line":39,"column":71}},{"start":{"line":39,"column":74},"end":{"line":39,"column":75}}],"line":39}},"s":{"0":1,"1":4,"2":4,"3":1,"4":1},"f":{"0":4,"1":1},"b":{"0":[0,1]},"_coverageSchema":"1a1c01bbd47fc00a2c39e90264f33305004495a9","hash":"1e5855f145a9b0d0e6f15e4cb59904acaa70a0f9"}
,"/Users/chrisanhthien/Desktop/Concordia_Campus_Guide/ccg_frontend/ccg_mobile/redux/reducers/index.js": {"path":"/Users/chrisanhthien/Desktop/Concordia_Campus_Guide/ccg_frontend/ccg_mobile/redux/reducers/index.js","statementMap":{"0":{"start":{"line":15,"column":21},"end":{"line":17,"column":3}},"1":{"start":{"line":18,"column":18},"end":{"line":24,"column":3}},"2":{"start":{"line":19,"column":4},"end":{"line":22,"column":5}},"3":{"start":{"line":21,"column":12},"end":{"line":21,"column":43}},"4":{"start":{"line":23,"column":4},"end":{"line":23,"column":17}},"5":{"start":{"line":25,"column":23},"end":{"line":25,"column":43}}},"fnMap":{"0":{"name":"(anonymous_0)","decl":{"start":{"line":18,"column":18},"end":{"line":18,"column":19}},"loc":{"start":{"line":18,"column":52},"end":{"line":24,"column":3}},"line":18}},"branchMap":{"0":{"loc":{"start":{"line":18,"column":19},"end":{"line":18,"column":39}},"type":"default-arg","locations":[{"start":{"line":18,"column":27},"end":{"line":18,"column":39}}],"line":18},"1":{"loc":{"start":{"line":19,"column":4},"end":{"line":22,"column":5}},"type":"switch","locations":[{"start":{"line":20,"column":8},"end":{"line":21,"column":43}}],"line":19}},"s":{"0":2,"1":2,"2":2,"3":0,"4":2,"5":2},"f":{"0":2},"b":{"0":[2],"1":[0]},"_coverageSchema":"1a1c01bbd47fc00a2c39e90264f33305004495a9","hash":"f64ed19e3a1b204dd46f86833208c617c5153fe2"}
}
