TN:
SF:assets/marker-1.png
FNF:0
FNH:0
DA:1,1
LF:1
LH:1
BRF:0
BRH:0
end_of_record
TN:
SF:components/BuildingHighlight.js
FN:8,(anonymous_0)
FN:14,(anonymous_1)
FN:15,(anonymous_2)
FN:20,(anonymous_3)
FNF:4
FNH:4
FNDA:3,(anonymous_0)
FNDA:3,(anonymous_1)
FNDA:3,(anonymous_2)
FNDA:6,(anonymous_3)
DA:8,2
DA:9,3
DA:14,2
DA:15,3
DA:16,3
DA:21,6
LF:6
LH:6
BRDA:9,0,0,2
BRDA:9,0,1,1
BRF:2
BRH:2
end_of_record
TN:
SF:components/CampusSelector.js
FN:8,(anonymous_0)
FN:9,(anonymous_1)
FN:20,(anonymous_2)
FNF:3
FNH:3
FNDA:4,(anonymous_0)
FNDA:4,(anonymous_1)
FNDA:3,(anonymous_2)
DA:6,1
DA:8,1
DA:9,4
DA:10,4
DA:12,2
DA:14,1
DA:16,1
DA:20,4
DA:21,3
DA:22,3
DA:23,3
DA:24,3
DA:27,4
DA:45,1
DA:50,1
LF:15
LH:15
BRDA:8,0,0,0
BRDA:10,1,0,2
BRDA:10,1,1,1
BRDA:10,1,2,1
BRDA:22,2,0,2
BRDA:22,2,1,1
BRF:6
BRH:5
end_of_record
TN:
SF:components/CustomMarker.js
FN:5,(anonymous_0)
FN:12,(anonymous_1)
FNF:2
FNH:2
FNDA:2,(anonymous_0)
FNDA:1,(anonymous_1)
DA:5,2
DA:6,2
DA:13,1
DA:28,2
LF:4
LH:4
BRDA:18,0,0,2
BRDA:18,0,1,0
BRF:2
BRH:1
end_of_record
TN:
SF:components/HeaderBar.js
FN:10,(anonymous_0)
FN:15,(anonymous_1)
FNF:2
FNH:2
FNDA:2,(anonymous_0)
FNDA:2,(anonymous_1)
DA:7,1
DA:10,1
DA:11,2
DA:12,2
DA:13,2
DA:15,2
DA:16,2
DA:17,0
DA:31,2
DA:46,2
DA:70,1
LF:11
LH:10
BRDA:16,0,0,0
BRDA:16,0,1,2
BRF:2
BRH:1
end_of_record
TN:
SF:components/InfoPopUp.js
FN:7,(anonymous_0)
FN:51,(anonymous_1)
FN:71,(anonymous_2)
FNF:3
FNH:0
FNDA:0,(anonymous_0)
FNDA:0,(anonymous_1)
FNDA:0,(anonymous_2)
DA:7,2
DA:9,0
DA:51,0
DA:71,0
DA:83,2
LF:5
LH:2
BRDA:34,0,0,0
BRDA:34,0,1,0
BRDA:34,1,0,0
BRDA:34,1,1,0
BRDA:39,2,0,0
BRDA:39,2,1,0
BRDA:39,3,0,0
BRDA:39,3,1,0
BRDA:44,4,0,0
BRDA:44,4,1,0
BRDA:44,5,0,0
BRDA:44,5,1,0
BRF:12
BRH:0
end_of_record
TN:
SF:components/MapViewComponent.js
FN:21,(anonymous_0)
FN:26,(anonymous_1)
FN:28,(anonymous_2)
FN:29,(anonymous_3)
FN:33,(anonymous_4)
FN:37,(anonymous_5)
FN:43,(anonymous_6)
FN:44,(anonymous_7)
FN:55,(anonymous_8)
FN:76,(anonymous_9)
FN:79,(anonymous_10)
FN:83,(anonymous_11)
FN:111,(anonymous_12)
FNF:13
FNH:5
FNDA:5,(anonymous_0)
FNDA:0,(anonymous_1)
FNDA:0,(anonymous_2)
FNDA:0,(anonymous_3)
FNDA:0,(anonymous_4)
FNDA:4,(anonymous_5)
FNDA:4,(anonymous_6)
FNDA:4,(anonymous_7)
FNDA:4,(anonymous_8)
FNDA:0,(anonymous_9)
FNDA:0,(anonymous_10)
FNDA:0,(anonymous_11)
FNDA:0,(anonymous_12)
DA:19,1
DA:21,1
DA:22,5
DA:23,5
DA:24,5
DA:26,5
DA:28,0
DA:29,0
DA:33,5
DA:34,0
DA:37,5
DA:38,4
DA:39,0
DA:43,5
DA:44,4
DA:45,4
DA:46,4
DA:47,1
DA:48,1
DA:50,3
DA:53,4
DA:55,4
DA:56,4
DA:61,5
DA:76,0
DA:80,0
DA:83,0
DA:111,0
DA:120,1
LF:29
LH:21
BRDA:29,0,0,0
BRDA:29,0,1,0
BRDA:38,1,0,0
BRDA:38,1,1,4
BRDA:64,2,0,5
BRDA:64,2,1,0
BRDA:88,3,0,0
BRDA:88,3,1,0
BRDA:107,4,0,5
BRDA:107,4,1,0
BRDA:126,5,0,0
BRDA:126,5,1,1
BRF:12
BRH:4
end_of_record
TN:
SF:components/MenuButton.js
FN:7,(anonymous_0)
FN:13,(anonymous_1)
FNF:2
FNH:2
FNDA:2,(anonymous_0)
FNDA:1,(anonymous_1)
DA:7,1
DA:8,2
DA:10,2
DA:13,1
DA:21,1
LF:5
LH:5
BRDA:13,0,0,1
BRDA:13,0,1,1
BRF:2
BRH:2
end_of_record
TN:
SF:components/NavigationToggle.js
FN:12,(anonymous_0)
FN:18,(anonymous_1)
FN:28,(anonymous_2)
FNF:3
FNH:3
FNDA:3,(anonymous_0)
FNDA:1,(anonymous_1)
FNDA:1,(anonymous_2)
DA:10,1
DA:12,1
DA:13,3
DA:18,1
DA:28,1
DA:38,1
LF:6
LH:6
BRDA:17,0,0,3
BRDA:17,0,1,2
BRDA:20,1,0,3
BRDA:20,1,1,2
BRDA:27,2,0,3
BRDA:27,2,1,1
BRDA:30,3,0,3
BRDA:30,3,1,1
BRF:8
BRH:8
end_of_record
TN:
SF:components/SearchBar.js
FN:20,(anonymous_0)
FN:33,(anonymous_1)
FN:35,(anonymous_2)
FN:82,(anonymous_3)
FN:86,(anonymous_4)
FN:94,(anonymous_5)
FN:101,(anonymous_6)
FN:107,(anonymous_7)
FN:118,(anonymous_8)
FN:121,(anonymous_9)
FN:121,(anonymous_10)
FN:138,(anonymous_11)
FN:139,(anonymous_12)
FN:148,(anonymous_13)
FN:150,(anonymous_14)
FN:151,(anonymous_15)
FN:166,(anonymous_16)
FN:167,(anonymous_17)
FN:175,(anonymous_18)
FN:177,(anonymous_19)
FN:178,(anonymous_20)
FNF:21
FNH:0
FNDA:0,(anonymous_0)
FNDA:0,(anonymous_1)
FNDA:0,(anonymous_2)
FNDA:0,(anonymous_3)
FNDA:0,(anonymous_4)
FNDA:0,(anonymous_5)
FNDA:0,(anonymous_6)
FNDA:0,(anonymous_7)
FNDA:0,(anonymous_8)
FNDA:0,(anonymous_9)
FNDA:0,(anonymous_10)
FNDA:0,(anonymous_11)
FNDA:0,(anonymous_12)
FNDA:0,(anonymous_13)
FNDA:0,(anonymous_14)
FNDA:0,(anonymous_15)
FNDA:0,(anonymous_16)
FNDA:0,(anonymous_17)
FNDA:0,(anonymous_18)
FNDA:0,(anonymous_19)
FNDA:0,(anonymous_20)
DA:18,1
DA:20,1
DA:21,0
DA:22,0
DA:23,0
DA:25,0
DA:26,0
DA:28,0
DA:29,0
DA:30,0
DA:31,0
DA:33,0
DA:35,0
DA:36,0
DA:37,0
DA:38,0
DA:61,0
DA:82,0
DA:86,0
DA:87,0
DA:88,0
DA:90,0
DA:91,0
DA:92,0
DA:94,0
DA:98,0
DA:99,0
DA:101,0
DA:107,0
DA:108,0
DA:109,0
DA:111,0
DA:113,0
DA:114,0
DA:115,0
DA:118,0
DA:121,0
DA:124,0
DA:138,0
DA:139,0
DA:148,0
DA:151,0
DA:166,0
DA:167,0
DA:175,0
DA:178,0
DA:202,1
LF:47
LH:3
BRDA:36,0,0,0
BRDA:36,0,1,0
BRDA:87,1,0,0
BRDA:87,1,1,0
BRDA:90,2,0,0
BRDA:90,2,1,0
BRDA:93,3,0,0
BRDA:93,3,1,0
BRDA:100,4,0,0
BRDA:100,4,1,0
BRDA:108,5,0,0
BRDA:108,5,1,0
BRDA:127,6,0,0
BRDA:127,6,1,0
BRDA:144,7,0,0
BRDA:144,7,1,0
BRDA:144,7,2,0
BRDA:171,8,0,0
BRDA:171,8,1,0
BRDA:171,8,2,0
BRDA:186,9,0,0
BRDA:186,9,1,0
BRF:22
BRH:0
end_of_record
TN:
SF:components/SideBar.js
FN:7,Sidebar
FN:15,(anonymous_1)
FNF:2
FNH:2
FNDA:4,Sidebar
FNDA:1,(anonymous_1)
DA:5,1
DA:8,4
DA:10,4
DA:15,1
DA:35,1
LF:5
LH:5
BRDA:39,0,0,0
BRDA:39,0,1,1
BRF:2
BRH:1
end_of_record
TN:
SF:redux/reducers/index.js
FN:18,(anonymous_0)
FNF:1
FNH:1
FNDA:2,(anonymous_0)
DA:15,2
DA:18,2
DA:19,2
DA:21,0
DA:23,2
DA:25,2
LF:6
LH:5
BRDA:18,0,0,2
BRDA:19,1,0,0
BRF:2
BRH:1
end_of_record
