TN:
SF:assets/marker-1.png
FNF:0
FNH:0
DA:1,1
LF:1
LH:1
BRF:0
BRH:0
end_of_record
TN:
SF:components/map-screen-ui/elements/BuildingHighlight.js
FN:5,(anonymous_0)
FNF:1
FNH:1
FNDA:1,(anonymous_0)
DA:5,1
DA:6,1
LF:2
LH:2
BRF:0
BRH:0
end_of_record
TN:
SF:components/map-screen-ui/elements/CustomMarker.js
FN:6,(anonymous_0)
FN:14,(anonymous_1)
FNF:2
FNH:1
FNDA:1,(anonymous_0)
FNDA:0,(anonymous_1)
DA:6,1
DA:7,1
DA:15,0
DA:31,1
LF:4
LH:3
BRDA:21,0,0,1
BRDA:21,0,1,0
BRF:2
BRH:1
end_of_record
TN:
SF:components/map-screen-ui/elements/InfoPopUp.js
FN:7,(anonymous_0)
FN:75,(anonymous_1)
FNF:2
FNH:0
FNDA:0,(anonymous_0)
FNDA:0,(anonymous_1)
DA:7,1
DA:8,0
DA:75,0
DA:86,1
DA:92,1
LF:5
LH:3
BRDA:18,0,0,0
BRDA:18,0,1,0
BRDA:25,1,0,0
BRDA:25,1,1,0
BRDA:40,2,0,0
BRDA:40,2,1,0
BRDA:43,3,0,0
BRDA:43,3,1,0
BRDA:45,4,0,0
BRDA:45,4,1,0
BRDA:51,5,0,0
BRDA:51,5,1,0
BRDA:54,6,0,0
BRDA:54,6,1,0
BRDA:56,7,0,0
BRDA:56,7,1,0
BRDA:62,8,0,0
BRDA:62,8,1,0
BRDA:65,9,0,0
BRDA:65,9,1,0
BRDA:67,10,0,0
BRDA:67,10,1,0
BRF:22
BRH:0
end_of_record
TN:
SF:components/map-screen-ui/sections/MapViewComponent.js
FN:18,(anonymous_0)
FN:28,(anonymous_1)
FN:37,(anonymous_2)
FN:57,(anonymous_3)
FN:58,(anonymous_4)
FN:59,(anonymous_5)
FN:63,(anonymous_6)
FN:71,(anonymous_7)
FN:77,(anonymous_8)
FN:83,(anonymous_9)
FN:84,(anonymous_10)
FN:95,(anonymous_11)
FN:100,(anonymous_12)
FN:102,(anonymous_13)
FN:109,(anonymous_14)
FN:134,(anonymous_15)
FN:151,(anonymous_16)
FN:155,(anonymous_17)
FN:159,(anonymous_18)
FN:185,(anonymous_19)
FNF:20
FNH:8
FNDA:6,(anonymous_0)
FNDA:0,(anonymous_1)
FNDA:0,(anonymous_2)
FNDA:0,(anonymous_3)
FNDA:0,(anonymous_4)
FNDA:0,(anonymous_5)
FNDA:0,(anonymous_6)
FNDA:5,(anonymous_7)
FNDA:5,(anonymous_8)
FNDA:5,(anonymous_9)
FNDA:5,(anonymous_10)
FNDA:5,(anonymous_11)
FNDA:5,(anonymous_12)
FNDA:0,(anonymous_13)
FNDA:0,(anonymous_14)
FNDA:0,(anonymous_15)
FNDA:0,(anonymous_16)
FNDA:1,(anonymous_17)
FNDA:0,(anonymous_18)
FNDA:0,(anonymous_19)
DA:18,1
DA:19,6
DA:20,6
DA:21,6
DA:22,6
DA:23,6
DA:24,6
DA:25,6
DA:26,6
DA:28,6
DA:29,0
DA:37,6
DA:38,0
DA:39,0
DA:40,0
DA:41,0
DA:42,0
DA:57,6
DA:58,0
DA:59,0
DA:63,6
DA:64,0
DA:71,6
DA:72,5
DA:73,1
DA:77,6
DA:78,5
DA:79,0
DA:83,6
DA:84,5
DA:85,5
DA:86,5
DA:87,1
DA:88,1
DA:90,4
DA:93,5
DA:95,5
DA:96,5
DA:100,6
DA:101,5
DA:102,0
DA:103,0
DA:109,0
DA:110,5
DA:113,6
DA:134,0
DA:151,0
DA:156,1
DA:159,0
DA:185,0
DA:194,1
DA:228,1
LF:52
LH:35
BRDA:30,0,0,0
BRDA:30,0,1,0
BRDA:30,0,2,0
BRDA:30,0,3,0
BRDA:38,1,0,0
BRDA:38,1,1,0
BRDA:41,2,0,0
BRDA:41,2,1,0
BRDA:59,3,0,0
BRDA:59,3,1,0
BRDA:72,4,0,1
BRDA:72,4,1,4
BRDA:78,5,0,0
BRDA:78,5,1,5
BRDA:78,6,0,5
BRDA:78,6,1,0
BRDA:88,7,0,0
BRDA:88,7,1,1
BRDA:101,8,0,0
BRDA:101,8,1,5
BRDA:109,9,0,0
BRDA:109,9,1,0
BRDA:115,10,0,5
BRDA:115,10,1,1
BRDA:135,11,0,1
BRDA:135,11,1,0
BRDA:139,12,0,1
BRDA:139,12,1,1
BRDA:147,13,0,0
BRDA:147,13,1,1
BRDA:154,14,0,1
BRDA:154,14,1,1
BRDA:164,15,0,1
BRDA:164,15,1,0
BRDA:181,16,0,6
BRDA:181,16,1,0
BRF:36
BRH:16
end_of_record
TN:
SF:utils/transformCurrentLoc.js
FN:1,(anonymous_0)
FNF:1
FNH:0
FNDA:0,(anonymous_0)
DA:1,1
DA:3,0
DA:4,0
DA:5,0
DA:8,0
LF:5
LH:1
BRDA:3,0,0,0
BRDA:3,0,1,0
BRF:2
BRH:0
end_of_record
